<?xml version="1.0" encoding="UTF-8"?>
<!-- Generated by org.testng.reporters.JUnitXMLReporter -->
<testsuite ignored="0" hostname="QT-INNO-LT1448" failures="0" tests="3" name="Default test" time="0.083" errors="0" timestamp="2024-05-08T10:24:48 IST">
  <testcase classname="test.TestNGDataProvider" name="test1" time="0.006"/>
  <testcase classname="test.TestNGDataProvider" name="test1" time="0.002"/>
  <testcase classname="test.TestNGDataProvider" name="test1" time="0.002"/>
</testsuite> <!-- Default test -->
