<?xml version="1.0" encoding="UTF-8"?>
<!-- Generated by org.testng.reporters.JUnitXMLReporter -->
<testsuite ignored="5" hostname="QT-INNO-LT1448" failures="0" tests="1" name="Test" time="0.065" errors="0" timestamp="2024-04-25T15:12:52 IST">
  <testcase classname="test.StreamTest" name="testMethod" time="0.011"/>
  <testcase classname="test.StreamTest" name="testStremCount" time="0.0">
    <ignored/>
  </testcase> <!-- testStremCount -->
  <testcase classname="test.StreamTest" name="testStremReduce" time="0.0">
    <ignored/>
  </testcase> <!-- testStremReduce -->
  <testcase classname="test.StreamTest" name="testStremForEach" time="0.0">
    <ignored/>
  </testcase> <!-- testStremForEach -->
  <testcase classname="test.StreamTest" name="testStremFilter" time="0.0">
    <ignored/>
  </testcase> <!-- testStremFilter -->
  <testcase classname="test.StreamTest" name="hashMapTest" time="0.0">
    <ignored/>
  </testcase> <!-- hashMapTest -->
</testsuite> <!-- Test -->
