<?xml version="1.0" encoding="UTF-8"?>
<testng-results ignored="0" total="1" passed="1" failed="0" skipped="0">
  <reporter-output>
  </reporter-output>
  <suite started-at="2024-04-29T10:47:00 IST" name="Surefire suite" finished-at="2024-04-29T10:47:07 IST" duration-ms="6503">
    <groups>
      <group name="cucumber">
        <method signature="AbstractTestNGCucumberTests.runScenario(io.cucumber.testng.PickleWrapper, io.cucumber.testng.FeatureWrapper)[pri:0, instance:cucumber.runners.TestRunner@20d525]" name="runScenario" class="io.cucumber.testng.AbstractTestNGCucumberTests"/>
      </group> <!-- cucumber -->
    </groups>
    <test started-at="2024-04-29T10:47:00 IST" name="Surefire test" finished-at="2024-04-29T10:47:07 IST" duration-ms="6503">
      <class name="cucumber.runners.TestRunner">
        <test-method is-config="true" signature="setUpClass(org.testng.ITestContext)[pri:0, instance:cucumber.runners.TestRunner@20d525]" started-at="2024-04-29T10:47:00 IST" name="setUpClass" finished-at="2024-04-29T10:47:01 IST" duration-ms="643" status="PASS">
          <params>
            <param index="0">
              <value>
                <![CDATA[org.testng.TestRunner@7159a5cd]]>
              </value>
            </param>
          </params>
          <reporter-output>
          </reporter-output>
        </test-method> <!-- setUpClass -->
        <test-method is-config="true" signature="beforeAll()[pri:0, instance:cucumber.runners.TestRunner@20d525]" started-at="2024-04-29T10:47:01 IST" name="beforeAll" finished-at="2024-04-29T10:47:04 IST" duration-ms="2614" status="PASS">
          <reporter-output>
          </reporter-output>
        </test-method> <!-- beforeAll -->
        <test-method signature="runScenario(io.cucumber.testng.PickleWrapper, io.cucumber.testng.FeatureWrapper)[pri:0, instance:cucumber.runners.TestRunner@20d525]" started-at="2024-04-29T10:47:04 IST" name="runScenario" description="Runs Cucumber Scenarios" data-provider="scenarios" finished-at="2024-04-29T10:47:06 IST" duration-ms="2382" status="PASS">
          <params>
            <param index="0">
              <value>
                <![CDATA["Assignment Two"]]>
              </value>
            </param>
            <param index="1">
              <value>
                <![CDATA["First Cucumber Feature"]]>
              </value>
            </param>
          </params>
          <reporter-output>
          </reporter-output>
        </test-method> <!-- runScenario -->
        <test-method is-config="true" signature="afterAll()[pri:0, instance:cucumber.runners.TestRunner@20d525]" started-at="2024-04-29T10:47:06 IST" name="afterAll" finished-at="2024-04-29T10:47:07 IST" duration-ms="819" status="PASS">
          <reporter-output>
          </reporter-output>
        </test-method> <!-- afterAll -->
        <test-method is-config="true" signature="tearDownClass()[pri:0, instance:cucumber.runners.TestRunner@20d525]" started-at="2024-04-29T10:47:07 IST" name="tearDownClass" finished-at="2024-04-29T10:47:07 IST" duration-ms="16" status="PASS">
          <reporter-output>
          </reporter-output>
        </test-method> <!-- tearDownClass -->
      </class> <!-- cucumber.runners.TestRunner -->
    </test> <!-- Surefire test -->
  </suite> <!-- Surefire suite -->
</testng-results>
