<?xml version="1.0" encoding="UTF-8"?>
<testng-results ignored="0" total="3" passed="3" failed="0" skipped="0">
  <reporter-output>
  </reporter-output>
  <suite started-at="2024-05-08T10:24:48 IST" name="Default suite" finished-at="2024-05-08T10:24:48 IST" duration-ms="83">
    <groups>
    </groups>
    <test started-at="2024-05-08T10:24:48 IST" name="Default test" finished-at="2024-05-08T10:24:48 IST" duration-ms="83">
      <class name="test.TestNGDataProvider">
        <test-method is-config="true" signature="beforeMethod()[pri:0, instance:test.TestNGDataProvider@4c60d6e9]" started-at="2024-05-08T10:24:48 IST" name="beforeMethod" finished-at="2024-05-08T10:24:48 IST" duration-ms="8" status="PASS">
          <reporter-output>
          </reporter-output>
        </test-method> <!-- beforeMethod -->
        <test-method signature="test1(java.lang.String,java.lang.String)[pri:0, instance:test.TestNGDataProvider@4c60d6e9]" started-at="2024-05-08T10:24:48 IST" name="test1" description="This is an example of DataProviders in TestNG" data-provider="daata" finished-at="2024-05-08T10:24:48 IST" duration-ms="6" status="PASS">
          <params>
            <param index="0">
              <value>
                <![CDATA[Shiv Mangal]]>
              </value>
            </param>
            <param index="1">
              <value>
                <![CDATA[smangal]]>
              </value>
            </param>
          </params>
          <reporter-output>
          </reporter-output>
        </test-method> <!-- test1 -->
        <test-method is-config="true" signature="afterMethod()[pri:0, instance:test.TestNGDataProvider@4c60d6e9]" started-at="2024-05-08T10:24:48 IST" name="afterMethod" finished-at="2024-05-08T10:24:48 IST" duration-ms="0" status="PASS">
          <reporter-output>
          </reporter-output>
        </test-method> <!-- afterMethod -->
        <test-method is-config="true" signature="beforeMethod()[pri:0, instance:test.TestNGDataProvider@4c60d6e9]" started-at="2024-05-08T10:24:48 IST" name="beforeMethod" finished-at="2024-05-08T10:24:48 IST" duration-ms="1" status="PASS">
          <reporter-output>
          </reporter-output>
        </test-method> <!-- beforeMethod -->
        <test-method signature="test1(java.lang.String,java.lang.String)[pri:0, instance:test.TestNGDataProvider@4c60d6e9]" started-at="2024-05-08T10:24:48 IST" name="test1" description="This is an example of DataProviders in TestNG" data-provider="daata" finished-at="2024-05-08T10:24:48 IST" duration-ms="2" status="PASS">
          <params>
            <param index="0">
              <value>
                <![CDATA[Anil Kumar Gupta]]>
              </value>
            </param>
            <param index="1">
              <value>
                <![CDATA[akgupta]]>
              </value>
            </param>
          </params>
          <reporter-output>
          </reporter-output>
        </test-method> <!-- test1 -->
        <test-method is-config="true" signature="afterMethod()[pri:0, instance:test.TestNGDataProvider@4c60d6e9]" started-at="2024-05-08T10:24:48 IST" name="afterMethod" finished-at="2024-05-08T10:24:48 IST" duration-ms="1" status="PASS">
          <reporter-output>
          </reporter-output>
        </test-method> <!-- afterMethod -->
        <test-method is-config="true" signature="beforeMethod()[pri:0, instance:test.TestNGDataProvider@4c60d6e9]" started-at="2024-05-08T10:24:48 IST" name="beforeMethod" finished-at="2024-05-08T10:24:48 IST" duration-ms="0" status="PASS">
          <reporter-output>
          </reporter-output>
        </test-method> <!-- beforeMethod -->
        <test-method signature="test1(java.lang.String,java.lang.String)[pri:0, instance:test.TestNGDataProvider@4c60d6e9]" started-at="2024-05-08T10:24:48 IST" name="test1" description="This is an example of DataProviders in TestNG" data-provider="daata" finished-at="2024-05-08T10:24:48 IST" duration-ms="2" status="PASS">
          <params>
            <param index="0">
              <value>
                <![CDATA[Kanika Bhardwaj]]>
              </value>
            </param>
            <param index="1">
              <value>
                <![CDATA[Kbhardwaj]]>
              </value>
            </param>
          </params>
          <reporter-output>
          </reporter-output>
        </test-method> <!-- test1 -->
        <test-method is-config="true" signature="afterMethod()[pri:0, instance:test.TestNGDataProvider@4c60d6e9]" started-at="2024-05-08T10:24:48 IST" name="afterMethod" finished-at="2024-05-08T10:24:48 IST" duration-ms="1" status="PASS">
          <reporter-output>
          </reporter-output>
        </test-method> <!-- afterMethod -->
      </class> <!-- test.TestNGDataProvider -->
    </test> <!-- Default test -->
  </suite> <!-- Default suite -->
</testng-results>
